<?xml version="1.0" encoding="UTF-8"?>
<AccessControlList>
  <Owner>
    <ID>84fac329bceSAMPLE777d5d22b8SAMPLE77d85ac2SAMPLE2dfcf7c4adf34da46</ID>
    <Name>Jane Smith</Name>
  </Owner>
  <Entries>
    <Entry>
      <Scope type="UserById">
        <ID>84fac329bceSAMPLE777d5d22b8SAMPLE77d85ac2SAMPLE2dfcf7c4adf34da46</ID>
        <Name></Name>
      </Scope>
      <Permission>FULL_CONTROL</Permission>
    </Entry>
    <Entry>
      <Scope type="UserByEmail">
        <EmailAddress>jane@gmail.com</EmailAddress>
        <Name></Name>
      </Scope>
      <Permission>FULL_CONTROL</Permission>
    </Entry>
    <Entry>
      <Scope type="GroupByEmail">
        <EmailAddress>gs-discussion@googlegroups.com</EmailAddress>
      </Scope>
      <Permission>READ</Permission>
    </Entry>
    <Entry>
      <Scope type="GroupByEmail">
        <EmailAddress>gs-discussion@googlegroups.com</EmailAddress>
      </Scope>
      <Permission>WRITE</Permission>
    </Entry>
  </Entries>
</AccessControlList>        
